<?xml version="1.0" encoding="UTF-8"?>
<robot generator="Robot 7.1.1 (Python 3.13.1 on win32)" generated="2025-01-12T10:50:27.546034" rpa="false" schemaversion="5">
<suite id="s1" name="Demo" source="C:\Robot\futureskill_Project-main\testcases\Demo.robot">
<kw name="Setup Browser" type="SETUP">
<kw name="Evaluate" owner="BuiltIn">
<msg time="2025-01-12T10:50:29.048377" level="INFO">${ChromeOptions} = &lt;selenium.webdriver.chrome.options.Options object at 0x000001FBED415D30&gt;</msg>
<var>${ChromeOptions}</var>
<arg>sys.modules['selenium.webdriver'].ChromeOptions()</arg>
<arg>sys,selenium.webdriver</arg>
<doc>Evaluates the given expression in Python and returns the result.</doc>
<status status="PASS" start="2025-01-12T10:50:29.047883" elapsed="0.003149"/>
</kw>
<kw name="Call Method" owner="BuiltIn">
<arg>${ChromeOptions}</arg>
<arg>add_experimental_option</arg>
<arg>debuggerAddress</arg>
<arg>127.0.0.1:9289</arg>
<doc>Calls the named method of the given object with the provided arguments.</doc>
<status status="PASS" start="2025-01-12T10:50:29.051504" elapsed="0.000539"/>
</kw>
<kw name="Create Webdriver" owner="SeleniumLibrary">
<msg time="2025-01-12T10:50:29.052846" level="INFO">Creating an instance of the Chrome WebDriver.</msg>
<arg>Chrome</arg>
<arg>options=${ChromeOptions}</arg>
<doc>Creates an instance of Selenium WebDriver.</doc>
<status status="PASS" start="2025-01-12T10:50:29.052391" elapsed="0.842936"/>
</kw>
<kw name="Go To" owner="SeleniumLibrary">
<msg time="2025-01-12T10:50:29.895961" level="INFO">Opening url 'https://huly.incubate.apps.changan.co.th/workbench/it/testManagement/677e18a510ffbb18b65bf7b8/library?attachedTo=677e27420fcfb423a1c1cf93'</msg>
<arg>${baseUrl}</arg>
<doc>Navigates the current browser window to the provided ``url``.</doc>
<status status="PASS" start="2025-01-12T10:50:29.895652" elapsed="0.369970"/>
</kw>
<kw name="Wait until page contains element then verify text" owner="CommonKeywords">
<kw name="Wait Until Keyword Succeeds" owner="BuiltIn">
<kw name="Page Should Contain" owner="SeleniumLibrary">
<msg time="2025-01-12T10:50:31.620862" level="INFO" html="true">&lt;/td&gt;&lt;/tr&gt;&lt;tr&gt;&lt;td colspan="3"&gt;&lt;a href="selenium-screenshot-236.png"&gt;&lt;img src="selenium-screenshot-236.png" width="800px"&gt;&lt;/a&gt;</msg>
<msg time="2025-01-12T10:50:31.621265" level="FAIL">Page should have contained text 'Test Management' but did not.</msg>
<arg>${expected_text}</arg>
<doc>Verifies that current page contains ``text``.</doc>
<status status="FAIL" start="2025-01-12T10:50:30.267992" elapsed="1.356499">Page should have contained text 'Test Management' but did not.</status>
</kw>
<kw name="Page Should Contain" owner="SeleniumLibrary">
<msg time="2025-01-12T10:50:33.685072" level="INFO">Current page contains text 'Test Management'.</msg>
<arg>${expected_text}</arg>
<doc>Verifies that current page contains ``text``.</doc>
<status status="PASS" start="2025-01-12T10:50:33.625504" elapsed="0.059963"/>
</kw>
<arg>5x</arg>
<arg>2s</arg>
<arg>Page Should Contain</arg>
<arg>${expected_text}</arg>
<doc>Runs the specified keyword and retries if it fails.</doc>
<status status="PASS" start="2025-01-12T10:50:30.267192" elapsed="3.418543"/>
</kw>
<arg>${expected_text}</arg>
<status status="PASS" start="2025-01-12T10:50:30.266304" elapsed="3.419706"/>
</kw>
<status status="PASS" start="2025-01-12T10:50:29.046825" elapsed="4.639478"/>
</kw>
<test id="s1-t1" name="Data-Driven Test Case" line="11">
<kw name="Create Test via automate">
<kw name="Click element tag" owner="CommonKeywords">
<kw name="Click Element" owner="SeleniumLibrary">
<msg time="2025-01-12T10:50:33.692829" level="INFO">Clicking element 'xpath=//span[text()='New test case']'.</msg>
<arg>${element}</arg>
<doc>Click the element identified by ``locator``.</doc>
<status status="PASS" start="2025-01-12T10:50:33.691898" elapsed="0.205837"/>
</kw>
<arg>xpath=//span[text()='New test case']</arg>
<status status="PASS" start="2025-01-12T10:50:33.691060" elapsed="0.207150"/>
</kw>
<kw name="Enter Title" owner="CommonKeywords">
<kw name="Input Text" owner="SeleniumLibrary">
<msg time="2025-01-12T10:50:33.900407" level="INFO">Typing text 'TC-001: To verify the allocation of Compensatory Leave from OT in the case of the first time in the year(2025).' into text field 'xpath=//input[@type='text' and @placeholder='Test case title']'.</msg>
<arg>${locator}</arg>
<arg>${text}</arg>
<doc>Types the given ``text`` into the text field identified by ``locator``.</doc>
<status status="PASS" start="2025-01-12T10:50:33.899790" elapsed="0.787158"/>
</kw>
<arg>${titleD}</arg>
<arg>${testcase_title}</arg>
<status status="PASS" start="2025-01-12T10:50:33.898731" elapsed="0.788611"/>
</kw>
<kw name="Enter Description" owner="CommonKeywords">
<kw name="Input Text" owner="SeleniumLibrary">
<msg time="2025-01-12T10:50:34.689454" level="INFO">Typing text 'Pre-condition
- Existing OT(Current Period 2025) in Approved status and Request type = Compensatory Leave.

Teststep Description
HR
1. Click Time Off menu
2. Click Mass Leaves Allocation
3. Click Allocate Compensatory Leave
4. Click Add a line for select the employee
5. Click Allocate Compensatory Leave

Employee, OT requester
6. Click ESS menu.
7. Click Leave Request.
8. Click New
9. Verify Time Off Type * Compensatory leave

Expected Result
HR
4. The system will show the list of employees with OT in Approved status and Request type = Compensatory Leave.
5. The system will create a new Mass Leave Allocation named Compensatory Leave 2025.

Employee, OT requester
9. The total value of Compensatory Leave is updated depending on OT hours.' into text field 'xpath=//p[@class='is-empty is-editor-empty']'.</msg>
<arg>${locator}</arg>
<arg>${text}</arg>
<doc>Types the given ``text`` into the text field identified by ``locator``.</doc>
<status status="PASS" start="2025-01-12T10:50:34.688843" elapsed="2.611008"/>
</kw>
<arg>${descD}</arg>
<arg>${testcase_description}</arg>
<status status="PASS" start="2025-01-12T10:50:34.687797" elapsed="2.612429"/>
</kw>
<kw name="Wait until page contain element tag" owner="CommonKeywords">
<kw name="Wait Until Element Is Visible" owner="SeleniumLibrary">
<arg>${tagxpath}</arg>
<doc>Waits until the element ``locator`` is visible.</doc>
<status status="PASS" start="2025-01-12T10:50:37.301304" elapsed="0.020596"/>
</kw>
<arg>${createbtn}</arg>
<status status="PASS" start="2025-01-12T10:50:37.300615" elapsed="0.021691"/>
</kw>
<kw name="Click element tag" owner="CommonKeywords">
<kw name="Click Element" owner="SeleniumLibrary">
<msg time="2025-01-12T10:50:37.325906" level="INFO">Clicking element 'xpath=//button[contains(@class, 'antiButton') and span[text()='Draft']]'.</msg>
<arg>${element}</arg>
<doc>Click the element identified by ``locator``.</doc>
<status status="PASS" start="2025-01-12T10:50:37.325156" elapsed="0.163131"/>
</kw>
<arg>${statusTestcase}</arg>
<status status="PASS" start="2025-01-12T10:50:37.322797" elapsed="0.166183"/>
</kw>
<kw name="Click element tag" owner="CommonKeywords">
<kw name="Click Element" owner="SeleniumLibrary">
<msg time="2025-01-12T10:50:37.491876" level="INFO">Clicking element 'xpath=//button[@class='menu-item withList w-full' and .//span[text()='Approved']]'.</msg>
<arg>${element}</arg>
<doc>Click the element identified by ``locator``.</doc>
<status status="PASS" start="2025-01-12T10:50:37.490695" elapsed="0.190949"/>
</kw>
<arg>${selectStatus}</arg>
<status status="PASS" start="2025-01-12T10:50:37.489593" elapsed="0.192494"/>
</kw>
<kw name="Click element tag" owner="CommonKeywords">
<kw name="Click Element" owner="SeleniumLibrary">
<msg time="2025-01-12T10:50:37.684105" level="INFO">Clicking element 'xpath=//button[@class='antiButton primary large jf-center sh-no-shape bs-solid gap-medium']'.</msg>
<arg>${element}</arg>
<doc>Click the element identified by ``locator``.</doc>
<status status="PASS" start="2025-01-12T10:50:37.683614" elapsed="0.178239"/>
</kw>
<arg>${createbtn}</arg>
<status status="PASS" start="2025-01-12T10:50:37.682645" elapsed="0.179665"/>
</kw>
<arg>testcase_title=TC-001: To verify the allocation of Compensatory Leave from OT in the case of the first time in the year(2025).</arg>
<arg>testcase_description=Pre-condition
- Existing OT(Current Period 2025) in Approved status and Request type = Compensatory Leave.

Teststep Description
HR
1. Click Time Off menu
2. Click Mass Leaves Allocation
3. Click Allocate Compensatory Leave
4. Click Add a line for select the employee
5. Click Allocate Compensatory Leave

Employee, OT requester
6. Click ESS menu.
7. Click Leave Request.
8. Click New
9. Verify Time Off Type * Compensatory leave

Expected Result
HR
4. The system will show the list of employees with OT in Approved status and Request type = Compensatory Leave.
5. The system will create a new Mass Leave Allocation named Compensatory Leave 2025.

Employee, OT requester
9. The total value of Compensatory Leave is updated depending on OT hours.</arg>
<status status="PASS" start="2025-01-12T10:50:33.689997" elapsed="4.172991"/>
</kw>
<doc>สร้าง Test Case จากข้อมูลใน Excel</doc>
<status status="PASS" start="2025-01-12T10:50:33.686600" elapsed="4.176970"/>
</test>
<test id="s1-t2" name="Data-Driven Test Case" line="11">
<kw name="Create Test via automate">
<kw name="Click element tag" owner="CommonKeywords">
<kw name="Click Element" owner="SeleniumLibrary">
<msg time="2025-01-12T10:50:37.871116" level="INFO">Clicking element 'xpath=//span[text()='New test case']'.</msg>
<arg>${element}</arg>
<doc>Click the element identified by ``locator``.</doc>
<status status="PASS" start="2025-01-12T10:50:37.870540" elapsed="0.280616"/>
</kw>
<arg>xpath=//span[text()='New test case']</arg>
<status status="PASS" start="2025-01-12T10:50:37.869862" elapsed="0.281770"/>
</kw>
<kw name="Enter Title" owner="CommonKeywords">
<kw name="Input Text" owner="SeleniumLibrary">
<msg time="2025-01-12T10:50:38.153882" level="INFO">Typing text 'TC-002: To verify the allocation of Compensatory Leave from OT in the case of the second time onward in the year(2025).' into text field 'xpath=//input[@type='text' and @placeholder='Test case title']'.</msg>
<arg>${locator}</arg>
<arg>${text}</arg>
<doc>Types the given ``text`` into the text field identified by ``locator``.</doc>
<status status="PASS" start="2025-01-12T10:50:38.153220" elapsed="0.777952"/>
</kw>
<arg>${titleD}</arg>
<arg>${testcase_title}</arg>
<status status="PASS" start="2025-01-12T10:50:38.152182" elapsed="0.779600"/>
</kw>
<kw name="Enter Description" owner="CommonKeywords">
<kw name="Input Text" owner="SeleniumLibrary">
<msg time="2025-01-12T10:50:38.935217" level="INFO">Typing text 'Pre-condition
- Existing OT(Current Period 2025) in Approved status and Request type = Compensatory Leave.
- Need to continue from TC-001

Teststep Description
HR process in secon time continue from TC-001
1. Click Time Off menu
2. Click Mass Leaves Allocation
3. Click Allocate Compensatory Leave
4. Click Add a line for select the employee
5. Click Allocate Compensatory Leave

Employee, OT requester
6. Click ESS menu.
7. Click Leave Request.
8. Click New
9. Verify Time Off Type * Compensatory leave

Expected Result
HR
4. The system will show the list of employees with OT in Approved status and Request type = Compensatory Leave.
5. The system will not create a new Mass Leave Allocation. The system will add name into existing Mass Leave Allocation(Compensatory Leave 2025).

Employee, OT requester
9. The total value of Compensatory Leave is updated depending on OT hours.' into text field 'xpath=//p[@class='is-empty is-editor-empty']'.</msg>
<arg>${locator}</arg>
<arg>${text}</arg>
<doc>Types the given ``text`` into the text field identified by ``locator``.</doc>
<status status="PASS" start="2025-01-12T10:50:38.934473" elapsed="2.733903"/>
</kw>
<arg>${descD}</arg>
<arg>${testcase_description}</arg>
<status status="PASS" start="2025-01-12T10:50:38.932935" elapsed="2.736132"/>
</kw>
<kw name="Wait until page contain element tag" owner="CommonKeywords">
<kw name="Wait Until Element Is Visible" owner="SeleniumLibrary">
<arg>${tagxpath}</arg>
<doc>Waits until the element ``locator`` is visible.</doc>
<status status="PASS" start="2025-01-12T10:50:41.671249" elapsed="0.033970"/>
</kw>
<arg>${createbtn}</arg>
<status status="PASS" start="2025-01-12T10:50:41.669653" elapsed="0.035965"/>
</kw>
<kw name="Click element tag" owner="CommonKeywords">
<kw name="Click Element" owner="SeleniumLibrary">
<msg time="2025-01-12T10:50:41.707608" level="INFO">Clicking element 'xpath=//button[contains(@class, 'antiButton') and span[text()='Draft']]'.</msg>
<arg>${element}</arg>
<doc>Click the element identified by ``locator``.</doc>
<status status="PASS" start="2025-01-12T10:50:41.707064" elapsed="0.189242"/>
</kw>
<arg>${statusTestcase}</arg>
<status status="PASS" start="2025-01-12T10:50:41.706104" elapsed="0.190584"/>
</kw>
<kw name="Click element tag" owner="CommonKeywords">
<kw name="Click Element" owner="SeleniumLibrary">
<msg time="2025-01-12T10:50:41.900042" level="INFO">Clicking element 'xpath=//button[@class='menu-item withList w-full' and .//span[text()='Approved']]'.</msg>
<arg>${element}</arg>
<doc>Click the element identified by ``locator``.</doc>
<status status="PASS" start="2025-01-12T10:50:41.898671" elapsed="0.197237"/>
</kw>
<arg>${selectStatus}</arg>
<status status="PASS" start="2025-01-12T10:50:41.897139" elapsed="0.199236"/>
</kw>
<kw name="Click element tag" owner="CommonKeywords">
<kw name="Click Element" owner="SeleniumLibrary">
<msg time="2025-01-12T10:50:42.098779" level="INFO">Clicking element 'xpath=//button[@class='antiButton primary large jf-center sh-no-shape bs-solid gap-medium']'.</msg>
<arg>${element}</arg>
<doc>Click the element identified by ``locator``.</doc>
<status status="PASS" start="2025-01-12T10:50:42.098194" elapsed="0.179650"/>
</kw>
<arg>${createbtn}</arg>
<status status="PASS" start="2025-01-12T10:50:42.096956" elapsed="0.181348"/>
</kw>
<arg>testcase_title=TC-002: To verify the allocation of Compensatory Leave from OT in the case of the second time onward in the year(2025).</arg>
<arg>testcase_description=Pre-condition
- Existing OT(Current Period 2025) in Approved status and Request type = Compensatory Leave.
- Need to continue from TC-001

Teststep Description
HR process in secon time continue from TC-001
1. Click Time Off menu
2. Click Mass Leaves Allocation
3. Click Allocate Compensatory Leave
4. Click Add a line for select the employee
5. Click Allocate Compensatory Leave

Employee, OT requester
6. Click ESS menu.
7. Click Leave Request.
8. Click New
9. Verify Time Off Type * Compensatory leave

Expected Result
HR
4. The system will show the list of employees with OT in Approved status and Request type = Compensatory Leave.
5. The system will not create a new Mass Leave Allocation. The system will add name into existing Mass Leave Allocation(Compensatory Leave 2025).

Employee, OT requester
9. The total value of Compensatory Leave is updated depending on OT hours.</arg>
<status status="PASS" start="2025-01-12T10:50:37.868944" elapsed="4.409752"/>
</kw>
<doc>สร้าง Test Case จากข้อมูลใน Excel</doc>
<status status="PASS" start="2025-01-12T10:50:37.865576" elapsed="4.413618"/>
</test>
<test id="s1-t3" name="Data-Driven Test Case" line="11">
<kw name="Create Test via automate">
<kw name="Click element tag" owner="CommonKeywords">
<kw name="Click Element" owner="SeleniumLibrary">
<msg time="2025-01-12T10:50:42.287135" level="INFO">Clicking element 'xpath=//span[text()='New test case']'.</msg>
<arg>${element}</arg>
<doc>Click the element identified by ``locator``.</doc>
<status status="PASS" start="2025-01-12T10:50:42.286602" elapsed="0.290128"/>
</kw>
<arg>xpath=//span[text()='New test case']</arg>
<status status="PASS" start="2025-01-12T10:50:42.285303" elapsed="0.291981"/>
</kw>
<kw name="Enter Title" owner="CommonKeywords">
<kw name="Input Text" owner="SeleniumLibrary">
<msg time="2025-01-12T10:50:42.580900" level="INFO">Typing text 'TC-003: To verify the allocation of Compensatory Leave from OT in the case of the first time in the year(2026).' into text field 'xpath=//input[@type='text' and @placeholder='Test case title']'.</msg>
<arg>${locator}</arg>
<arg>${text}</arg>
<doc>Types the given ``text`` into the text field identified by ``locator``.</doc>
<status status="PASS" start="2025-01-12T10:50:42.579528" elapsed="0.696462"/>
</kw>
<arg>${titleD}</arg>
<arg>${testcase_title}</arg>
<status status="PASS" start="2025-01-12T10:50:42.577986" elapsed="0.698373"/>
</kw>
<kw name="Enter Description" owner="CommonKeywords">
<kw name="Input Text" owner="SeleniumLibrary">
<msg time="2025-01-12T10:50:43.278303" level="INFO">Typing text 'Pre-condition
- Existing OT(Future Period 2026) in Approved status and Request type = Compensatory Leave.

Teststep Description
HR
1. Click Time Off menu
2. Click Mass Leaves Allocation
3. Click Allocate Compensatory Leave
4. Click Add a line for select the employee
5. Click Allocate Compensatory Leave

Employee, OT requester
6. Click ESS menu.
7. Click Leave Request.
8. Click New
9. Verify Time Off Type * Compensatory leave

Expected Result
HR
4. The system will show the list of employees with OT in Approved status and Request type = Compensatory Leave.
5. The system will create a new Mass Leave Allocation named Compensatory Leave 2025.

Employee, OT requester
9. The total value of Compensatory Leave is updated depending on OT hours.' into text field 'xpath=//p[@class='is-empty is-editor-empty']'.</msg>
<arg>${locator}</arg>
<arg>${text}</arg>
<doc>Types the given ``text`` into the text field identified by ``locator``.</doc>
<status status="PASS" start="2025-01-12T10:50:43.277752" elapsed="2.677987"/>
</kw>
<arg>${descD}</arg>
<arg>${testcase_description}</arg>
<status status="PASS" start="2025-01-12T10:50:43.276845" elapsed="2.679320"/>
</kw>
<kw name="Wait until page contain element tag" owner="CommonKeywords">
<kw name="Wait Until Element Is Visible" owner="SeleniumLibrary">
<arg>${tagxpath}</arg>
<doc>Waits until the element ``locator`` is visible.</doc>
<status status="PASS" start="2025-01-12T10:50:45.957625" elapsed="0.033168"/>
</kw>
<arg>${createbtn}</arg>
<status status="PASS" start="2025-01-12T10:50:45.956686" elapsed="0.034723"/>
</kw>
<kw name="Click element tag" owner="CommonKeywords">
<kw name="Click Element" owner="SeleniumLibrary">
<msg time="2025-01-12T10:50:45.993650" level="INFO">Clicking element 'xpath=//button[contains(@class, 'antiButton') and span[text()='Draft']]'.</msg>
<arg>${element}</arg>
<doc>Click the element identified by ``locator``.</doc>
<status status="PASS" start="2025-01-12T10:50:45.993090" elapsed="0.205840"/>
</kw>
<arg>${statusTestcase}</arg>
<status status="PASS" start="2025-01-12T10:50:45.992009" elapsed="0.207402"/>
</kw>
<kw name="Click element tag" owner="CommonKeywords">
<kw name="Click Element" owner="SeleniumLibrary">
<msg time="2025-01-12T10:50:46.202064" level="INFO">Clicking element 'xpath=//button[@class='menu-item withList w-full' and .//span[text()='Approved']]'.</msg>
<arg>${element}</arg>
<doc>Click the element identified by ``locator``.</doc>
<status status="PASS" start="2025-01-12T10:50:46.201141" elapsed="0.205551"/>
</kw>
<arg>${selectStatus}</arg>
<status status="PASS" start="2025-01-12T10:50:46.199972" elapsed="0.207204"/>
</kw>
<kw name="Click element tag" owner="CommonKeywords">
<kw name="Click Element" owner="SeleniumLibrary">
<msg time="2025-01-12T10:50:46.409465" level="INFO">Clicking element 'xpath=//button[@class='antiButton primary large jf-center sh-no-shape bs-solid gap-medium']'.</msg>
<arg>${element}</arg>
<doc>Click the element identified by ``locator``.</doc>
<status status="PASS" start="2025-01-12T10:50:46.408871" elapsed="0.181563"/>
</kw>
<arg>${createbtn}</arg>
<status status="PASS" start="2025-01-12T10:50:46.407869" elapsed="0.183145"/>
</kw>
<arg>testcase_title=TC-003: To verify the allocation of Compensatory Leave from OT in the case of the first time in the year(2026).</arg>
<arg>testcase_description=Pre-condition
- Existing OT(Future Period 2026) in Approved status and Request type = Compensatory Leave.

Teststep Description
HR
1. Click Time Off menu
2. Click Mass Leaves Allocation
3. Click Allocate Compensatory Leave
4. Click Add a line for select the employee
5. Click Allocate Compensatory Leave

Employee, OT requester
6. Click ESS menu.
7. Click Leave Request.
8. Click New
9. Verify Time Off Type * Compensatory leave

Expected Result
HR
4. The system will show the list of employees with OT in Approved status and Request type = Compensatory Leave.
5. The system will create a new Mass Leave Allocation named Compensatory Leave 2025.

Employee, OT requester
9. The total value of Compensatory Leave is updated depending on OT hours.</arg>
<status status="PASS" start="2025-01-12T10:50:42.284326" elapsed="4.307120"/>
</kw>
<doc>สร้าง Test Case จากข้อมูลใน Excel</doc>
<status status="PASS" start="2025-01-12T10:50:42.280707" elapsed="4.311247"/>
</test>
<test id="s1-t4" name="Data-Driven Test Case" line="11">
<kw name="Create Test via automate">
<kw name="Click element tag" owner="CommonKeywords">
<kw name="Click Element" owner="SeleniumLibrary">
<msg time="2025-01-12T10:50:46.599308" level="INFO">Clicking element 'xpath=//span[text()='New test case']'.</msg>
<arg>${element}</arg>
<doc>Click the element identified by ``locator``.</doc>
<status status="PASS" start="2025-01-12T10:50:46.598755" elapsed="0.303199"/>
</kw>
<arg>xpath=//span[text()='New test case']</arg>
<status status="PASS" start="2025-01-12T10:50:46.597957" elapsed="0.304695"/>
</kw>
<kw name="Enter Title" owner="CommonKeywords">
<kw name="Input Text" owner="SeleniumLibrary">
<msg time="2025-01-12T10:50:46.907658" level="INFO">Typing text 'TC-004: To verify the allocation of Compensatory Leave from OT in the case of the second time onward in the year(2026).' into text field 'xpath=//input[@type='text' and @placeholder='Test case title']'.</msg>
<arg>${locator}</arg>
<arg>${text}</arg>
<doc>Types the given ``text`` into the text field identified by ``locator``.</doc>
<status status="PASS" start="2025-01-12T10:50:46.905936" elapsed="0.685542"/>
</kw>
<arg>${titleD}</arg>
<arg>${testcase_title}</arg>
<status status="PASS" start="2025-01-12T10:50:46.903675" elapsed="0.688282"/>
</kw>
<kw name="Enter Description" owner="CommonKeywords">
<kw name="Input Text" owner="SeleniumLibrary">
<msg time="2025-01-12T10:50:47.594767" level="INFO">Typing text 'Pre-condition
- Existing OT(Future Period 2026) in Approved status and Request type = Compensatory Leave.
- Need to continue from TC-003

Teststep Description
HR process in secon time continue from TC-003
1. Click Time Off menu
2. Click Mass Leaves Allocation
3. Click Allocate Compensatory Leave
4. Click Add a line for select the employee
5. Click Allocate Compensatory Leave

Employee, OT requester
6. Click ESS menu.
7. Click Leave Request.
8. Click New
9. Verify Time Off Type * Compensatory leave

Expected Result
HR
4. The system will show the list of employees with OT in Approved status and Request type = Compensatory Leave.
5. The system will not create a new Mass Leave Allocation. The system will add name into existing Mass Leave Allocation(Compensatory Leave 2025).

Employee, OT requester
9. The total value of Compensatory Leave is updated depending on OT hours.' into text field 'xpath=//p[@class='is-empty is-editor-empty']'.</msg>
<arg>${locator}</arg>
<arg>${text}</arg>
<doc>Types the given ``text`` into the text field identified by ``locator``.</doc>
<status status="PASS" start="2025-01-12T10:50:47.593728" elapsed="2.858415"/>
</kw>
<arg>${descD}</arg>
<arg>${testcase_description}</arg>
<status status="PASS" start="2025-01-12T10:50:47.592511" elapsed="2.860072"/>
</kw>
<kw name="Wait until page contain element tag" owner="CommonKeywords">
<kw name="Wait Until Element Is Visible" owner="SeleniumLibrary">
<arg>${tagxpath}</arg>
<doc>Waits until the element ``locator`` is visible.</doc>
<status status="PASS" start="2025-01-12T10:50:50.454028" elapsed="0.033329"/>
</kw>
<arg>${createbtn}</arg>
<status status="PASS" start="2025-01-12T10:50:50.453108" elapsed="0.035174"/>
</kw>
<kw name="Click element tag" owner="CommonKeywords">
<kw name="Click Element" owner="SeleniumLibrary">
<msg time="2025-01-12T10:50:50.490560" level="INFO">Clicking element 'xpath=//button[contains(@class, 'antiButton') and span[text()='Draft']]'.</msg>
<arg>${element}</arg>
<doc>Click the element identified by ``locator``.</doc>
<status status="PASS" start="2025-01-12T10:50:50.489991" elapsed="0.229419"/>
</kw>
<arg>${statusTestcase}</arg>
<status status="PASS" start="2025-01-12T10:50:50.488914" elapsed="0.230929"/>
</kw>
<kw name="Click element tag" owner="CommonKeywords">
<kw name="Click Element" owner="SeleniumLibrary">
<msg time="2025-01-12T10:50:50.723322" level="INFO">Clicking element 'xpath=//button[@class='menu-item withList w-full' and .//span[text()='Approved']]'.</msg>
<arg>${element}</arg>
<doc>Click the element identified by ``locator``.</doc>
<status status="PASS" start="2025-01-12T10:50:50.722421" elapsed="0.291783"/>
</kw>
<arg>${selectStatus}</arg>
<status status="PASS" start="2025-01-12T10:50:50.720522" elapsed="0.294252"/>
</kw>
<kw name="Click element tag" owner="CommonKeywords">
<kw name="Click Element" owner="SeleniumLibrary">
<msg time="2025-01-12T10:50:51.017213" level="INFO">Clicking element 'xpath=//button[@class='antiButton primary large jf-center sh-no-shape bs-solid gap-medium']'.</msg>
<arg>${element}</arg>
<doc>Click the element identified by ``locator``.</doc>
<status status="PASS" start="2025-01-12T10:50:51.016510" elapsed="0.315120"/>
</kw>
<arg>${createbtn}</arg>
<status status="PASS" start="2025-01-12T10:50:51.015385" elapsed="0.316685"/>
</kw>
<arg>testcase_title=TC-004: To verify the allocation of Compensatory Leave from OT in the case of the second time onward in the year(2026).</arg>
<arg>testcase_description=Pre-condition
- Existing OT(Future Period 2026) in Approved status and Request type = Compensatory Leave.
- Need to continue from TC-003

Teststep Description
HR process in secon time continue from TC-003
1. Click Time Off menu
2. Click Mass Leaves Allocation
3. Click Allocate Compensatory Leave
4. Click Add a line for select the employee
5. Click Allocate Compensatory Leave

Employee, OT requester
6. Click ESS menu.
7. Click Leave Request.
8. Click New
9. Verify Time Off Type * Compensatory leave

Expected Result
HR
4. The system will show the list of employees with OT in Approved status and Request type = Compensatory Leave.
5. The system will not create a new Mass Leave Allocation. The system will add name into existing Mass Leave Allocation(Compensatory Leave 2025).

Employee, OT requester
9. The total value of Compensatory Leave is updated depending on OT hours.</arg>
<status status="PASS" start="2025-01-12T10:50:46.597106" elapsed="4.735233"/>
</kw>
<doc>สร้าง Test Case จากข้อมูลใน Excel</doc>
<status status="PASS" start="2025-01-12T10:50:46.593694" elapsed="4.739164"/>
</test>
<status status="PASS" start="2025-01-12T10:50:27.563420" elapsed="23.770727"/>
</suite>
<statistics>
<total>
<stat pass="4" fail="0" skip="0">All Tests</stat>
</total>
<tag>
</tag>
<suite>
<stat pass="4" fail="0" skip="0" id="s1" name="Demo">Demo</stat>
</suite>
</statistics>
<errors>
<msg time="2025-01-12T10:50:37.864963" level="WARN">Multiple tests with name 'Data-Driven Test Case' executed in suite 'Demo'.</msg>
<msg time="2025-01-12T10:50:42.279829" level="WARN">Multiple tests with name 'Data-Driven Test Case' executed in suite 'Demo'.</msg>
<msg time="2025-01-12T10:50:46.593421" level="WARN">Multiple tests with name 'Data-Driven Test Case' executed in suite 'Demo'.</msg>
</errors>
</robot>
